{
  "RSpec": {
    "coverage": {
      "/Users/vi1551/Makers/month_3/week_2/tech_tests/bank_tech_test/spec/account_spec.rb": [
        1,
        1,
        null,
        1,
        16,
        1,
        15,
        null,
        null,
        null,
        16,
        null,
        1,
        1,
        null,
        null,
        1,
        1,
        1,
        1,
        null,
        1,
        1,
        1,
        1,
        1,
        null,
        null,
        1,
        2,
        null,
        null,
        1,
        2,
        null,
        2,
        null,
        null,
        1,
        1,
        1,
        null,
        1,
        1,
        1,
        null,
        null,
        null,
        1,
        1,
        1,
        1,
        1,
        null,
        1,
        2,
        null,
        null,
        1,
        2,
        null,
        null,
        1,
        2,
        null,
        2,
        null,
        null,
        1,
        1,
        1,
        1,
        1,
        1,
        null,
        null,
        1,
        1,
        1,
        1,
        null,
        1,
        1,
        1,
        1,
        null,
        null,
        null,
        1,
        1,
        1,
        1,
        null,
        null,
        null
      ],
      "/Users/vi1551/Makers/month_3/week_2/tech_tests/bank_tech_test/lib/account.rb": [
        1,
        1,
        null,
        null,
        1,
        1,
        null,
        1,
        16,
        16,
        16,
        null,
        null,
        1,
        13,
        null,
        10,
        10,
        10,
        null,
        null,
        1,
        9,
        6,
        null,
        5,
        5,
        5,
        null,
        null,
        1,
        2,
        null,
        null,
        1,
        null,
        1,
        1,
        null,
        null,
        1,
        6,
        null,
        null
      ],
      "/Users/vi1551/Makers/month_3/week_2/tech_tests/bank_tech_test/lib/event_log.rb": [
        1,
        null,
        null,
        1,
        1,
        null,
        1,
        3,
        3,
        null,
        null,
        1,
        4,
        4,
        null,
        null
      ],
      "/Users/vi1551/Makers/month_3/week_2/tech_tests/bank_tech_test/lib/event.rb": [
        null,
        1,
        1,
        null,
        1,
        6,
        6,
        6,
        null,
        null
      ],
      "/Users/vi1551/Makers/month_3/week_2/tech_tests/bank_tech_test/lib/print.rb": [
        null,
        1,
        1,
        6,
        8,
        null,
        null,
        6,
        null,
        null,
        1,
        3,
        null,
        null,
        1,
        2,
        null,
        null,
        1,
        8,
        null,
        null,
        1,
        8,
        null,
        null,
        1,
        8,
        null,
        null,
        1,
        21,
        null,
        null,
        1,
        null,
        null
      ],
      "/Users/vi1551/Makers/month_3/week_2/tech_tests/bank_tech_test/spec/event_log_spec.rb": [
        1,
        null,
        1,
        3,
        3,
        null,
        1,
        1,
        null,
        null,
        1,
        1,
        1,
        1,
        1,
        null,
        null,
        null,
        null
      ],
      "/Users/vi1551/Makers/month_3/week_2/tech_tests/bank_tech_test/spec/event_spec.rb": [
        1,
        1,
        null,
        1,
        1,
        1,
        1,
        1,
        1,
        null,
        1,
        1,
        1,
        null,
        1,
        1,
        1,
        null,
        null
      ],
      "/Users/vi1551/Makers/month_3/week_2/tech_tests/bank_tech_test/spec/features/acceptance_criteria_spec.rb": [
        1,
        1,
        null,
        1,
        1,
        1,
        1,
        1,
        1,
        1,
        1,
        1,
        1,
        null,
        null,
        null,
        2,
        null,
        null
      ],
      "/Users/vi1551/Makers/month_3/week_2/tech_tests/bank_tech_test/spec/print_spec.rb": [
        1,
        1,
        null,
        1,
        8,
        6,
        null,
        1,
        7,
        7,
        7,
        7,
        null,
        null,
        1,
        1,
        1,
        1,
        2,
        null,
        1,
        1,
        1,
        null,
        2,
        null,
        1,
        1,
        1,
        null,
        2,
        null,
        1,
        1,
        1,
        null,
        null,
        2,
        null,
        1,
        1,
        1,
        null,
        2,
        null,
        null,
        null,
        1,
        1,
        2,
        null,
        null,
        null,
        1,
        1,
        2,
        null,
        null,
        null,
        null
      ]
    },
    "timestamp": 1556708400
  }
}
